c:\users\shinelon\documents\visual studio 2013\projects\facedetection\facedetection\x64\release\vc120.pdb
c:\users\shinelon\documents\visual studio 2013\projects\facedetection\facedetection\x64\release\nms.obj
c:\users\shinelon\documents\visual studio 2013\projects\facedetection\facedetection\x64\release\image_pyramid.obj
c:\users\shinelon\documents\visual studio 2013\projects\facedetection\facedetection\x64\release\surf_mlp_model_reader.obj
c:\users\shinelon\documents\visual studio 2013\projects\facedetection\facedetection\x64\release\lab_boost_model_reader.obj
c:\users\shinelon\documents\visual studio 2013\projects\facedetection\facedetection\x64\release\fust.obj
c:\users\shinelon\documents\visual studio 2013\projects\facedetection\facedetection\x64\release\surf_feature_map.obj
c:\users\shinelon\documents\visual studio 2013\projects\facedetection\facedetection\x64\release\lab_feature_map.obj
c:\users\shinelon\documents\visual studio 2013\projects\facedetection\facedetection\x64\release\face_detection.obj
c:\users\shinelon\documents\visual studio 2013\projects\facedetection\facedetection\x64\release\surf_mlp.obj
c:\users\shinelon\documents\visual studio 2013\projects\facedetection\facedetection\x64\release\mlp.obj
c:\users\shinelon\documents\visual studio 2013\projects\facedetection\facedetection\x64\release\lab_boosted_classifier.obj
c:\users\shinelon\documents\visual studio 2013\projects\facedetection\x64\release\facedetection.lib
c:\users\shinelon\documents\visual studio 2013\projects\facedetection\x64\release\facedetection.exp
c:\users\shinelon\documents\visual studio 2013\projects\facedetection\x64\release\facedetection.dll
c:\users\shinelon\documents\visual studio 2013\projects\facedetection\x64\release\facedetection.pdb
c:\users\shinelon\documents\visual studio 2013\projects\facedetection\facedetection\x64\release\facedetection.tlog\cl.command.1.tlog
c:\users\shinelon\documents\visual studio 2013\projects\facedetection\facedetection\x64\release\facedetection.tlog\cl.read.1.tlog
c:\users\shinelon\documents\visual studio 2013\projects\facedetection\facedetection\x64\release\facedetection.tlog\cl.write.1.tlog
c:\users\shinelon\documents\visual studio 2013\projects\facedetection\facedetection\x64\release\facedetection.tlog\facedetection.write.1u.tlog
c:\users\shinelon\documents\visual studio 2013\projects\facedetection\facedetection\x64\release\facedetection.tlog\link.command.1.tlog
c:\users\shinelon\documents\visual studio 2013\projects\facedetection\facedetection\x64\release\facedetection.tlog\link.read.1.tlog
c:\users\shinelon\documents\visual studio 2013\projects\facedetection\facedetection\x64\release\facedetection.tlog\link.write.1.tlog
